0 verbose cli /usr/local/bin/node /usr/local/lib/node_modules/npm/bin/npm-cli.js
1 info using npm@11.9.0
2 info using node@v24.14.0
3 silly config load:file:/usr/local/lib/node_modules/npm/npmrc
4 silly config load:file:/home/node/.openclaw/workspace/.npmrc
5 silly config load:file:/usr/local/etc/npmrc
6 verbose title npm exec skills add https://agent.qq.com --skill -g -y --copy
7 verbose argv "exec" "--" "skills" "add" "https://agent.qq.com" "--skill" "-g" "-y" "--copy"
8 verbose logfile logs-max:10 dir:/home/node/.openclaw/workspace/.npm/_logs/2026-06-24T07_52_23_239Z-
9 verbose logfile /home/node/.openclaw/workspace/.npm/_logs/2026-06-24T07_52_23_239Z-debug-0.log
10 silly logfile done cleaning log files
11 silly packumentCache heap:2348810240 maxSize:587202560 maxEntrySize:293601280
12 http fetch GET 200 https://registry.npmjs.org/npm 131ms
13 http fetch GET 200 https://registry.npmjs.org/skills 105ms (cache miss)
14 silly packumentCache heap:2348810240 maxSize:587202560 maxEntrySize:293601280
15 silly packumentCache heap:2348810240 maxSize:587202560 maxEntrySize:293601280
16 warn exec The following package was not found and will be installed: skills@1.5.13
17 silly idealTree buildDeps
18 silly fetch manifest skills@1.5.13
19 silly packumentCache full:https://registry.npmjs.org/skills cache-miss
20 http fetch GET 200 https://registry.npmjs.org/skills 35ms (cache miss)
21 silly packumentCache full:https://registry.npmjs.org/skills set size:undefined disposed:false
22 silly placeDep ROOT skills@1.5.13 OK for:  want: 1.5.13
23 silly fetch manifest yaml@^2.8.3
24 silly packumentCache full:https://registry.npmjs.org/yaml cache-miss
25 http fetch GET 200 https://registry.npmjs.org/yaml 46ms (cache miss)
26 silly packumentCache full:https://registry.npmjs.org/yaml set size:undefined disposed:false
27 silly placeDep ROOT yaml@2.9.0 OK for: skills@1.5.13 want: ^2.8.3
28 silly reify moves {}
29 silly audit bulk request { skills: [ '1.5.13' ], yaml: [ '2.9.0' ] }
30 http cache yaml@https://registry.npmjs.org/yaml/-/yaml-2.9.0.tgz 0ms (cache hit)
31 http cache skills@https://registry.npmjs.org/skills/-/skills-1.5.13.tgz 0ms (cache hit)
32 silly tarball no local data for yaml@https://registry.npmjs.org/yaml/-/yaml-2.9.0.tgz. Extracting by manifest.
33 silly tarball no local data for skills@https://registry.npmjs.org/skills/-/skills-1.5.13.tgz. Extracting by manifest.
34 http fetch POST 200 https://registry.npmjs.org/-/npm/v1/security/advisories/bulk 64ms
35 silly audit report {}
36 http fetch GET 200 https://registry.npmjs.org/skills/-/skills-1.5.13.tgz 91ms (cache miss)
37 http fetch GET 200 https://registry.npmjs.org/yaml/-/yaml-2.9.0.tgz 219ms (cache miss)
38 verbose cwd /home/node/.openclaw/workspace
39 verbose os Linux 5.15.0-179-generic
40 verbose node v24.14.0
41 verbose npm  v11.9.0
42 notice
42 notice New minor version of npm available! 11.9.0 -> 11.17.0
42 notice Changelog: https://github.com/npm/cli/releases/tag/v11.17.0
42 notice To update run: npm install -g npm@11.17.0
42 notice  { force: true, Symbol(proc-log.meta): true }
43 verbose exit 0
44 info ok
